<?xml version="1.0" encoding="UTF-8"?>
<robot generator="Robot 7.0 (Python 3.11.8 on win32)" generated="2024-02-21T18:48:29.495915" rpa="false" schemaversion="5">
<suite id="s1" name="treinamento Robot" source="C:\Users\miria.cunha_sankhya\Documents\treinamento_Robot\treinamento_Robot">
<suite id="s1-s1" name="Ex01" source="C:\Users\miria.cunha_sankhya\Documents\treinamento_Robot\treinamento_Robot\Ex01.robot">
<test id="s1-s1-t1" name="Imprime Lista de Frutas" line="21">
<kw name="Log To Console" owner="BuiltIn">
<arg>${FRUTAS}[0]</arg>
<doc>Logs the given message to the console.</doc>
<status status="PASS" start="2024-02-21T18:48:29.604305" elapsed="0.000999"/>
</kw>
<kw name="Log To Console" owner="BuiltIn">
<arg>${FRUTAS}[1]</arg>
<doc>Logs the given message to the console.</doc>
<status status="PASS" start="2024-02-21T18:48:29.607468" elapsed="0.001637"/>
</kw>
<kw name="Log To Console" owner="BuiltIn">
<arg>${FRUTAS}[2]</arg>
<doc>Logs the given message to the console.</doc>
<status status="PASS" start="2024-02-21T18:48:29.626837" elapsed="0.006088"/>
</kw>
<kw name="Log To Console" owner="BuiltIn">
<arg>${FRUTAS}[3]</arg>
<doc>Logs the given message to the console.</doc>
<status status="PASS" start="2024-02-21T18:48:29.633954" elapsed="0.001402"/>
</kw>
<kw name="Log To Console" owner="BuiltIn">
<arg>${FRUTAS}[4]</arg>
<doc>Logs the given message to the console.</doc>
<status status="PASS" start="2024-02-21T18:48:29.637390" elapsed="0.001512"/>
</kw>
<status status="PASS" start="2024-02-21T18:48:29.601233" elapsed="0.052836"/>
</test>
<status status="PASS" start="2024-02-21T18:48:29.592675" elapsed="0.083520"/>
</suite>
<status status="PASS" start="2024-02-21T18:48:29.523065" elapsed="0.181208"/>
</suite>
<statistics>
<total>
<stat pass="1" fail="0" skip="0">All Tests</stat>
</total>
<tag>
</tag>
<suite>
<stat pass="1" fail="0" skip="0" id="s1" name="treinamento Robot">treinamento Robot</stat>
<stat pass="1" fail="0" skip="0" id="s1-s1" name="Ex01">treinamento Robot.Ex01</stat>
</suite>
</statistics>
<errors>
</errors>
</robot>
